<?xml version="1.0" encoding="UTF-8"?>
<!-- Generated by org.testng.reporters.JUnitReportReporter -->
<testsuite hostname="DESKTOP-HIM16RN" failures="0" tests="1" name="com.power.testcases.Verify_Insta_Dashboard_Filters" time="79.190" errors="0" timestamp="2022-11-05T10:26:35 IST" skipped="0">
  <testcase classname="com.power.testcases.Verify_Insta_Dashboard_Filters" name="Verify_insta_Filters" time="79.190"/>
  <system-out>
    <![CDATA[<B><font color = 'orange'> Step1 -</font> Logged into PowerAdSpy Application
<B><font color = 'orange'> Step2 -</font> I am on the page :PowerAdSpy | Facebook Dashboard
<B><font color = 'orange'> Step3 -</font> Power Ad Spy Logo is Displayed
<B><font color = 'orange'> Step4 -</font> Clicked On Instagram Icon
<B><font color = 'orange'> Step5 -</font> I am on the page :PowerAdSpy | Instagram Dashboard
<B><font color = 'orange'> Step6 -</font> Total Ad Results for the Domain 'Flipkart' is :6
<B><font color = 'orange'> Step7 -</font> Total Ad Results for the Advertiser 'Health' is :0
<B><font color = 'orange'> Step8 -</font> Total Ad Results for the Keyword 'Virat kohli' is :0
<B><font color = 'orange'> Step9 -</font> Total Ad Results for the Keyword 'covid' is :0
<B><font color = 'orange'> Step10 -</font> Total Ad Results for the Keyword 'Blog' is :0
<B><font color = 'orange'> Step11 -</font> Total Ad Results for the Keyword 'Shoes' is :0
<B><font color = 'orange'> Step12 -</font> Total Ad Results for the Keyword 'Developer' is :0]]>
  </system-out>
</testsuite> <!-- com.power.testcases.Verify_Insta_Dashboard_Filters -->
