<?xml version="1.0" encoding="UTF-8"?>
<!-- Generated by org.testng.reporters.JUnitReportReporter -->
<testsuite hostname="DESKTOP-HIM16RN" failures="0" tests="1" name="com.power.testcases.Verify_Googleads_Dashboard_Filters" time="89.217" errors="0" timestamp="2022-11-05T10:26:35 IST" skipped="0">
  <testcase classname="com.power.testcases.Verify_Googleads_Dashboard_Filters" name="Verify_Googleads_Filters" time="89.217"/>
  <system-out>
    <![CDATA[<B><font color = 'orange'> Step1 -</font> Logged into PowerAdSpy Application
<B><font color = 'orange'> Step2 -</font> I am on the page :PowerAdSpy | Facebook Dashboard
<B><font color = 'orange'> Step3 -</font> Power Ad Spy Logo is Displayed
<B><font color = 'orange'> Step4 -</font> Clicked On Google Icon
<B><font color = 'orange'> Step5 -</font> I am on the page :PowerAdSpy | Google Dashboard
<B><font color = 'orange'> Step6 -</font> Total Ad Results for the Search term 'News' is :9
<B><font color = 'orange'> Step7 -</font> Total Ad Results for the Search term 'Vice' is :0
<B><font color = 'orange'> Step8 -</font> Total Ad Results for the Search term 'Virat kohli' is :0
<B><font color = 'orange'> Step9 -</font> Total Ad Results for the Search term 'covid' is :0
<B><font color = 'orange'> Step10 -</font> Total Ad Results for the Search term 'Blog' is :0
<B><font color = 'orange'> Step11 -</font> Total Ad Results for the Search term 'Shoes' is :0
<B><font color = 'orange'> Step12 -</font> Total Ad Results for the Search term 'Developer' is :0]]>
  </system-out>
</testsuite> <!-- com.power.testcases.Verify_Googleads_Dashboard_Filters -->
