<?xml version="1.0" encoding="UTF-8"?>
<!-- Generated by org.testng.reporters.JUnitReportReporter -->
<testsuite hostname="DESKTOP-HIM16RN" failures="1" tests="1" name="com.power.testcases.Verify_Instagram_DashBoard_PostDateBetween" time="136.707" errors="0" timestamp="2022-11-17T11:25:17 IST" skipped="0">
  <testcase classname="com.power.testcases.Verify_Instagram_DashBoard_PostDateBetween" name="verify_Post_Date" time="136.707">
    <failure message="expected [1 November 2022] but found [11 November 2022]" type="java.lang.AssertionError">
      <![CDATA[java.lang.AssertionError: expected [1 November 2022] but found [11 November 2022]
at org.testng.Assert.fail(Assert.java:110)
at org.testng.Assert.failNotEquals(Assert.java:1413)
at org.testng.Assert.assertEqualsImpl(Assert.java:149)
at org.testng.Assert.assertEquals(Assert.java:131)
at org.testng.Assert.assertEquals(Assert.java:655)
at org.testng.Assert.assertEquals(Assert.java:665)
at com.power.qa.pages.InstagramPostDateBetweenPage.getPostDateBetween(InstagramPostDateBetweenPage.java:523)
at com.power.testcases.Verify_Instagram_DashBoard_PostDateBetween.verify_Post_Date(Verify_Instagram_DashBoard_PostDateBetween.java:15)
at java.base/jdk.internal.reflect.NativeMethodAccessorImpl.invoke0(Native Method)
at java.base/jdk.internal.reflect.NativeMethodAccessorImpl.invoke(NativeMethodAccessorImpl.java:77)
at java.base/jdk.internal.reflect.DelegatingMethodAccessorImpl.invoke(DelegatingMethodAccessorImpl.java:43)
at java.base/java.lang.reflect.Method.invoke(Method.java:568)
at org.testng.internal.invokers.MethodInvocationHelper.invokeMethod(MethodInvocationHelper.java:139)
at org.testng.internal.invokers.TestInvoker.invokeMethod(TestInvoker.java:677)
at org.testng.internal.invokers.TestInvoker.invokeTestMethod(TestInvoker.java:221)
at org.testng.internal.invokers.MethodRunner.runInSequence(MethodRunner.java:50)
at org.testng.internal.invokers.TestInvoker$MethodInvocationAgent.invoke(TestInvoker.java:962)
at org.testng.internal.invokers.TestInvoker.invokeTestMethods(TestInvoker.java:194)
at org.testng.internal.invokers.TestMethodWorker.invokeTestMethods(TestMethodWorker.java:148)
at org.testng.internal.invokers.TestMethodWorker.run(TestMethodWorker.java:128)
at java.base/java.util.concurrent.ThreadPoolExecutor.runWorker(ThreadPoolExecutor.java:1136)
at java.base/java.util.concurrent.ThreadPoolExecutor$Worker.run(ThreadPoolExecutor.java:635)
at java.base/java.lang.Thread.run(Thread.java:833)
]]>
    </failure>
  </testcase> <!-- verify_Post_Date -->
  <system-out>
    <![CDATA[<B><font color = 'orange'> Step1 -</font> Logged into PowerAdSpy Application
<B><font color = 'orange'> Step2 -</font> I am on the page :PowerAdSpy | Facebook Dashboard
<B><font color = 'orange'> Step3 -</font> Power Ad Spy Logo is Displayed
<B><font color = 'orange'> Step4 -</font> Clicked On Instagram Icon
<B><font color = 'green'> Post Date Between : All -</font> 
<B><font color = 'orange'> Step 1 -</font> Clicked On clear search.
<B><font color = 'orange'> Step 2 -</font> Clicked On Post Date Between DropDown.
<B><font color = 'orange'> Step 3 -</font> Clicked On Post Date Between All.
<B><font color = 'orange'> Step 4 -</font> Clicked On Search Bar.
<B><font color = 'orange'> Step 5 -</font> Total_Ads_Count_All= 551
<B><font color = 'orange'> Step 6 -</font> Clicked On Current Image Date : 11 November 2022
<B><font color = 'orange'> Step 7 -</font> Clicked On ShowAnalytics Button.
<B><font color = 'orange'> Step 8 -</font> LastScene_date AdDetails Page= November 11 2022
<B><font color = 'orange'> Step 9 -</font> Post Date in AdDetails Page= November 1 2022
<B><font color = 'orange'> Step 10 -</font> Image Date =  11 November 2022    ::    Last Seeen Date = 11 November 2022  are same == PASS
<B><font color = 'green'> Post Date Between : Today -</font> 
<B><font color = 'orange'> Step 1 -</font> Clicked On clear search.
<B><font color = 'orange'> Step 2 -</font> Clicked On Post Date Between DropDown.
<B><font color = 'orange'> Step 3 -</font> Clicked On Post Date Between Today.
<B><font color = 'orange'> Step 4 -</font> Clicked On Search Bar.
<B><font color = 'orange'> Step 5 -</font> Total_Ads_Count_Today= 
<B><font color = 'orange'> Step 6 -</font> Oops! Looks like we don't have data for this search criteria yet.
<B><font color = 'green'> Post Date Between : Yesterday -</font> 
<B><font color = 'orange'> Step 1 -</font> Clicked On clear search.
<B><font color = 'orange'> Step 2 -</font> Clicked On Post Date Between DropDown.
<B><font color = 'orange'> Step 3 -</font> Clicked On Post Date Between Yesterday.
<B><font color = 'orange'> Step 4 -</font> Clicked On Search Bar.
<B><font color = 'orange'> Step 5 -</font> Total_Ads_Count_Yesterday= 
<B><font color = 'orange'> Step 6 -</font> Oops! Looks like we don't have data for this search criteria yet.
<B><font color = 'green'> Post Date Between : Last Seven Days -</font> 
<B><font color = 'orange'> Step 1 -</font> Clicked On clear search.
<B><font color = 'orange'> Step 2 -</font> Clicked On Post Date Between DropDown.
<B><font color = 'orange'> Step 3 -</font> Clicked On Post Date Between Last Seven Days.
<B><font color = 'orange'> Step 4 -</font> Clicked On Search Bar.
<B><font color = 'orange'> Step 5 -</font> Total_Ads_Count_LastSevenDays= 
<B><font color = 'orange'> Step 6 -</font> Oops! Looks like we don't have data for this search criteria yet.
<B><font color = 'green'> Post Date Between : Last Thirty Days -</font> 
<B><font color = 'orange'> Step 1 -</font> Clicked On clear search.
<B><font color = 'orange'> Step 2 -</font> Clicked On Post Date Between DropDown.
<B><font color = 'orange'> Step 3 -</font> Clicked On Post Date Between Last Thirty Days.
<B><font color = 'orange'> Step 4 -</font> Clicked On Search Bar.
<B><font color = 'orange'> Step 5 -</font> Total_Ads_Count_LastThirtyDays= 551
<B><font color = 'orange'> Step 6 -</font> Clicked On Current Image Date = 11 November 2022
<B><font color = 'orange'> Step 7 -</font> Clicked On ShowAnalytics Button.
<B><font color = 'orange'> Step 8 -</font> LastScene_date AdDetails Page= November 11 2022
<B><font color = 'orange'> Step 9 -</font> Post Date in AdDetails Page= November 1 2022]]>
  </system-out>
</testsuite> <!-- com.power.testcases.Verify_Instagram_DashBoard_PostDateBetween -->
