<?xml version="1.0" encoding="UTF-8"?>
<!-- Generated by org.testng.reporters.JUnitReportReporter -->
<testsuite hostname="DESKTOP-HIM16RN" failures="0" tests="1" name="com.power.testcases.Power_Ad_Spy_VerifyDashboard_Page" time="147.896" errors="0" timestamp="2022-11-05T10:26:35 IST" skipped="0">
  <testcase classname="com.power.testcases.Power_Ad_Spy_VerifyDashboard_Page" name="Verify_Dashboard_Pages" time="147.896"/>
  <system-out>
    <![CDATA[<B><font color = 'orange'> Step1 -</font> Logged into PowerAdSpy Application
<B><font color = 'orange'> Step2 -</font> I am on the page :PowerAdSpy | Facebook Dashboard
<B><font color = 'orange'> Step3 -</font> Power Ad Spy Logo is Displayed
<B><font color = 'orange'> Step4 -</font> Clicked On Instagram Icon
<B><font color = 'orange'> Step5 -</font> I am on the page :PowerAdSpy | Instagram Dashboard
<B><font color = 'orange'> Step6 -</font> Clicked On YouTube Icon
<B><font color = 'orange'> Step7 -</font> I am on the page :PowerAdSpy | Youtube Dashboard
<B><font color = 'orange'> Step8 -</font> Clicked On Google Icon
<B><font color = 'orange'> Step9 -</font> I am on the page :PowerAdSpy | Google Dashboard
<B><font color = 'orange'> Step10 -</font> Clicked On GDN Icon
<B><font color = 'orange'> Step11 -</font> I am on the page :PowerAdSpy | GDN Dashboard
<B><font color = 'orange'> Step12 -</font> Clicked On Native Icon
<B><font color = 'orange'> Step13 -</font> I am on the page :PowerAdSpy | Native Dashboard
<B><font color = 'orange'> Step14 -</font> Clicked On Reddit Icon
<B><font color = 'orange'> Step15 -</font> I am on the page :PowerAdSpy | Reddit Dashboard
<B><font color = 'orange'> Step16 -</font> Clicked On Quora Icon
<B><font color = 'orange'> Step17 -</font> I am on the page :PowerAdSpy | Quora Dashboard
<B><font color = 'orange'> Step18 -</font> Clicked On Printrest Icon
<B><font color = 'orange'> Step19 -</font> I am on the page :PowerAdSpy | Pinterest Dashboard
<B><font color = 'orange'> Step20 -</font> Clicked On Linkedin Icon
<B><font color = 'orange'> Step21 -</font> I am on the page :PowerAdSpy | LinkedIn Dashboard
<B><font color = 'orange'> Step22 -</font> Clicked On Twitter Icon
<B><font color = 'orange'> Step23 -</font> I am on the page :PowerAdSpy | Twitter Dashboard
<B><font color = 'orange'> Step24 -</font> Clicked On Push Icon
<B><font color = 'orange'> Step25 -</font> I am on the page :PowerAdSpy | PushAd Dashboard]]>
  </system-out>
</testsuite> <!-- com.power.testcases.Power_Ad_Spy_VerifyDashboard_Page -->
