<?xml version="1.0" encoding="UTF-8"?>
<!-- Generated by org.testng.reporters.JUnitReportReporter -->
<testsuite hostname="DESKTOP-HIM16RN" failures="0" tests="1" name="com.power.testcases.test_date_picker" time="37.348" errors="0" timestamp="2022-11-16T09:50:26 IST" skipped="0">
  <testcase classname="com.power.testcases.test_date_picker" name="testLikes" time="37.348"/>
  <system-out>
    <![CDATA[<B><font color = 'orange'> Step6 -</font> Total Ad Results for the  Keyword 'Totallikes' is :8]]>
  </system-out>
</testsuite> <!-- com.power.testcases.test_date_picker -->
