<?xml version="1.0" encoding="UTF-8"?>
<!-- Generated by org.testng.reporters.JUnitReportReporter -->
<testsuite hostname="DESKTOP-HIM16RN" failures="0" tests="1" name="com.power.testcases.Verify_Instagram_DashBoard_AdSeenBetween" time="250.872" errors="0" timestamp="2022-11-17T11:25:17 IST" skipped="0">
  <testcase classname="com.power.testcases.Verify_Instagram_DashBoard_AdSeenBetween" name="verify_instagram_dasboard_adseenBetween" time="250.872"/>
  <system-out>
    <![CDATA[<B><font color = 'orange'> Step1 -</font> Logged into PowerAdSpy Application
<B><font color = 'orange'> Step2 -</font> I am on the page :PowerAdSpy | Facebook Dashboard
<B><font color = 'orange'> Step3 -</font> Power Ad Spy Logo is Displayed
<B><font color = 'orange'> Step4 -</font> Clicked On Instagram Icon
<B><font color = 'green'> Ads Seen Between : All -</font> 
<B><font color = 'orange'> Step 1 -</font> Clicked On clear search.
<B><font color = 'orange'> Step 2 -</font> Clicked On Ads Seen Between.
<B><font color = 'orange'> Step 3 -</font> Clicked On Ads Seen Between all_Button.
<B><font color = 'orange'> Step 4 -</font> Clicked On Search Bar.
<B><font color = 'orange'> Step 5 -</font> Total_Ads_Count_All= 551
<B><font color = 'orange'> Step 6 -</font> Clicked On current_Date_All Image = 11 November 2022
<B><font color = 'orange'> Step 7 -</font> Clicked on showAnalytics Button
<B><font color = 'orange'> Step 8 -</font> Last_Seen_childWindow AdDetails Page= November 11 2022
<B><font color = 'green'> Ads Seen Between : Today -</font> 
<B><font color = 'orange'> Step 1 -</font> Clicked On clear search.
<B><font color = 'orange'> Step 2 -</font> Clicked On Ads Seen Between.
<B><font color = 'orange'> Step  3-</font> Clicked On today_Button in Ads Seen Between.
<B><font color = 'orange'> Step 4 -</font> Clicked On Search Bar.
<B><font color = 'orange'> Step 5 -</font> Total_Ads_Count_Today= 
<B><font color = 'orange'> Step 6 -</font> Oops! Looks like we don't have data for this search criteria yet.
<B><font color = 'green'> Ads Seen Between : Yesterday -</font> 
<B><font color = 'orange'> Step 1 -</font> Clicked On clear search.
<B><font color = 'orange'> Step 2 -</font> Clicked On Ads Seen Between.
<B><font color = 'orange'> Step 3 -</font> Clicked On yesterday_Button in Ads Seen Between.
<B><font color = 'orange'> Step 4 -</font> Clicked On Search Bar.
<B><font color = 'orange'> Step 5 -</font> Total_Ads_Count_Yesterday= 
<B><font color = 'orange'> Step 6 -</font> Oops! Looks like we don't have data for this search criteria yet.
<B><font color = 'green'> Ads Seen Between : Last_Seven_Days_Button -</font> 
<B><font color = 'orange'> Step 1 -</font> Clicked On clear search.
<B><font color = 'orange'> Step 2 -</font> Clicked On Ads Seen Between.
<B><font color = 'orange'> Step 3 -</font> Clicked On Last_Seven_Days_Button in Ads Seen Between.
<B><font color = 'orange'> Step 4 -</font> Clicked On Search Bar.
<B><font color = 'orange'> Step 5 -</font> Total_Ads_Count_LastSevenDays= 11
<B><font color = 'orange'> Step 6 -</font> Clicked On Last_Seven_Days Image = 11 November 2022
<B><font color = 'orange'> Step 7 -</font> Clicked on showAnalytics Button
<B><font color = 'orange'> Step 8 -</font> Last_Seen_childWindow AdDetails Page= November 11 2022
<B><font color = 'green'> Ads Seen Between : _Last Thirty Days -</font> 
<B><font color = 'orange'> Step 1 -</font> Clicked On clear search.
<B><font color = 'orange'> Step 2 -</font> Clicked On Ads Seen Between.
<B><font color = 'orange'> Step 3 -</font> Clicked On Last_Thirty_Days_Button in Ads Seen Between.
<B><font color = 'orange'> Step 4 -</font> Clicked On Search Bar.
<B><font color = 'orange'> Step 5 -</font> Total_Ads_Count_LastThirtDays= 98
<B><font color = 'orange'> Step 6 -</font> Clicked On Last_Thirty_Days Image = 11 November 2022
<B><font color = 'orange'> Step 7 -</font> Clicked on showAnalytics Button
<B><font color = 'orange'> Step 8 -</font> Last_Seen_childWindow AdDetails Page= November 11 2022
<B><font color = 'green'> Ads Seen Between :This_Month_Button -</font> 
<B><font color = 'orange'> Step 1 -</font> Clicked On clear search.
<B><font color = 'orange'> Step 2 -</font> Clicked On Ads Seen Between.
<B><font color = 'orange'> Step 3 -</font> Clicked On This_Month_Button in Ads Seen Between.
<B><font color = 'orange'> Step 4 -</font> Clicked On Search Bar.
<B><font color = 'orange'> Step 5 -</font> Total_Ads_Count_ThisMonth= 98
<B><font color = 'orange'> Step 6 -</font> Clicked On This Month Image = 11 November 2022
<B><font color = 'orange'> Step 7 -</font> Clicked on showAnalytics Button
<B><font color = 'orange'> Step 8 -</font> Last_Seen_childWindow AdDetails Page= November 11 2022
<B><font color = 'green'> Ads Seen Between :This_Month_Button -</font> 
<B><font color = 'orange'> Step 1 -</font> Clicked On clear search.
<B><font color = 'orange'> Step 2 -</font> Clicked On Ads Seen Between.
<B><font color = 'orange'> Step 3 -</font> Clicked On Last_Month_Button in Ads Seen Between.
<B><font color = 'orange'> Step 4 -</font> Clicked On Search Bar.
<B><font color = 'orange'> Step 5 -</font> Total_Ads_Count_LastMonth= 237
<B><font color = 'orange'> Step 6 -</font> Clicked On Last Month Image = 17 October 2022
<B><font color = 'orange'> Step 7 -</font> Clicked on showAnalytics Button
<B><font color = 'orange'> Step 8 -</font> Last_Seen_childWindow AdDetails Page= October 17 2022
<B><font color = 'green'> Ads Seen Between :Custom_Range_Button -</font> 
<B><font color = 'orange'> Step 1 -</font> Clicked On clear search.
<B><font color = 'orange'> Step 2 -</font> Clicked On Ads Seen Between.
<B><font color = 'orange'> Step 3 -</font> Clicked On Custom_Range_Button in Ads Seen Between.
<B><font color = 'orange'> Step 4 -</font> Clicked On custom_startDate in Ads Seen Between.
<B><font color = 'orange'> Step 5 -</font> Clicked On custom_endDate in Ads Seen Between.
<B><font color = 'orange'> Step 6 -</font> Clicked On Search Bar.
<B><font color = 'orange'> Step 7 -</font> Total_Ads_Count_Custom= 98
<B><font color = 'orange'> Step 8 -</font> Clicked On Custom Month Image = 11 November 2022
<B><font color = 'orange'> Step 9 -</font> Clicked on showAnalytics Button
<B><font color = 'orange'> Step 10 -</font> Last_Seen_childWindow AdDetails Page= November 11 2022]]>
  </system-out>
</testsuite> <!-- com.power.testcases.Verify_Instagram_DashBoard_AdSeenBetween -->
