<?xml version="1.0" encoding="UTF-8"?>
<!-- Generated by org.testng.reporters.JUnitReportReporter -->
<testsuite hostname="DESKTOP-HIM16RN" failures="0" tests="1" name="com.power.testcases.Verify_Instagram_DashBoard_SortBy" time="164.036" errors="0" timestamp="2022-11-18T13:00:47 IST" skipped="0">
  <testcase classname="com.power.testcases.Verify_Instagram_DashBoard_SortBy" name="verify_Instagram_Sortby" time="164.036"/>
  <system-out>
    <![CDATA[<B><font color = 'Burgundy'> Step1 -</font> Logged into PowerAdSpy Application
<B><font color = 'Burgundy'> Step2 -</font> I am on the page :PowerAdSpy | Facebook Dashboard
<B><font color = 'Burgundy'> Step3 -</font> Power Ad Spy Logo is Displayed
<B><font color = 'Burgundy'> Step4 -</font> Clicked On Instagram Icon

<B><font color = 'green'> Newest field -</font> 
<B><font color = 'orange'> Step 1 -</font> Clicked On clear search.
<B><font color = 'orange'> Step 2 -</font> Clicked On sortBy.
<B><font color = 'orange'> Step 3 -</font> Clicked On Newest button.
<B><font color = 'orange'> Step 4 -</font> Clicked On Search Bar.
<B><font color = 'orange'> Step 5 -</font> Total_Ads_Count_newest= 551

<B><font color = 'Blue-Violet'> 1st Ad -</font> 
<B><font color = 'blue'> ==> -</font> CurrentDatenewest Image in Instagram DashBoard= 11 November 2022
<B><font color = 'blue'> ==> -</font> Clicked on showAnalytics Button
<B><font color = 'blue'> ==> -</font> LastScene_date AdDetails Page= November 11 2022
<B><font color = 'blue'> ==> -</font> Image Date =  11 November 2022    ::    Last Seeen Date = 11 November 2022  are same == PASS

<B><font color = 'Blue-Violet'> 2st Ad -</font> 
<B><font color = 'red'> ==> -</font> CurrentDatenewest Image in Instagram DashBoard= 11 November 2022
<B><font color = 'red'> ==> -</font> Clicked on showAnalytics Button
<B><font color = 'red'> ==> -</font> LastScene_date AdDetails Page= November 11 2022
<B><font color = 'red'> ==> -</font> Image Date =  11 November 2022    ::    Last Seeen Date = 11 November 2022  are same == PASS

<B><font color = 'Blue-Violet'> 3th Ad -</font> 
<B><font color = 'blue'> ==> -</font> CurrentDatenewest Image in Instagram DashBoard= 11 November 2022
<B><font color = 'blue'> ==> -</font> Clicked on showAnalytics Button
<B><font color = 'blue'> ==> -</font> LastScene_date AdDetails Page= November 11 2022
<B><font color = 'blue'> ==> -</font> Image Date =  11 November 2022    ::    Last Seeen Date = 11 November 2022  are same == PASS

<B><font color = 'Blue-Violet'> 4th Ad -</font> 
<B><font color = 'red'> ==> -</font> CurrentDatenewest Image in Instagram DashBoard= 11 November 2022
<B><font color = 'red'> ==> -</font> Clicked on showAnalytics Button
<B><font color = 'red'> ==> -</font> LastScene_date AdDetails Page= November 11 2022
<B><font color = 'red'> ==> -</font> Image Date =  11 November 2022    ::    Last Seeen Date = 11 November 2022  are same == PASS

<B><font color = 'Blue-Violet'> 5th Ad -</font> 
<B><font color = 'blue'> ==> -</font> CurrentDatenewest Image in Instagram DashBoard= 11 November 2022
<B><font color = 'blue'> ==> -</font> Clicked on showAnalytics Button
<B><font color = 'blue'> ==> -</font> LastScene_date AdDetails Page= November 11 2022
<B><font color = 'blue'> ==> -</font> Image Date =  11 November 2022    ::    Last Seeen Date = 11 November 2022  are same == PASS

<B><font color = 'Blue-Violet'> 6th Ad -</font> 
<B><font color = 'red'> ==> -</font> CurrentDatenewest Image in Instagram DashBoard= 11 November 2022
<B><font color = 'red'> ==> -</font> Clicked on showAnalytics Button
<B><font color = 'red'> ==> -</font> LastScene_date AdDetails Page= November 11 2022
<B><font color = 'red'> ==> -</font> Image Date =  11 November 2022    ::    Last Seeen Date = 11 November 2022  are same == PASS

<B><font color = 'Blue-Violet'> 7th Ad -</font> 
<B><font color = 'blue'> ==> -</font> CurrentDatenewest Image in Instagram DashBoard= 11 November 2022
<B><font color = 'blue'> ==> -</font> Clicked on showAnalytics Button
<B><font color = 'blue'> ==> -</font> LastScene_date AdDetails Page= November 11 2022
<B><font color = 'blue'> ==> -</font> Image Date =  11 November 2022    ::    Last Seeen Date = 11 November 2022  are same == PASS

<B><font color = 'Blue-Violet'> 8th Ad -</font> 
<B><font color = 'blue'> ==> -</font> CurrentDatenewest Image in Instagram DashBoard= 11 November 2022
<B><font color = 'blue'> ==> -</font> Clicked on showAnalytics Button
<B><font color = 'blue'> ==> -</font> LastScene_date AdDetails Page= November 11 2022
<B><font color = 'blue'> ==> -</font> Image Date =  11 November 2022    ::    Last Seeen Date = 11 November 2022  are same == PASS

<B><font color = 'Blue-Violet'> 9th Ad -</font> 
<B><font color = 'red'> ==> -</font> CurrentDatenewest Image in Instagram DashBoard= 11 November 2022
<B><font color = 'red'> ==> -</font> Clicked on showAnalytics Button
<B><font color = 'red'> ==> -</font> LastScene_date AdDetails Page= November 11 2022
<B><font color = 'red'> ==> -</font> Image Date =  11 November 2022    ::    Last Seeen Date = 11 November 2022  are same == PASS

<B><font color = 'Blue-Violet'> 10th Ad -</font> 
<B><font color = 'blue'> ==> -</font> CurrentDatenewest Image in Instagram DashBoard= 11 November 2022
<B><font color = 'blue'> ==> -</font> Clicked on showAnalytics Button
<B><font color = 'blue'> ==> -</font> LastScene_date AdDetails Page= November 11 2022
<B><font color = 'blue'> ==> -</font> Image Date =  11 November 2022    ::    Last Seeen Date = 11 November 2022  are same == PASS

<B><font color = 'Blue-Violet'> 11th Ad -</font> 
<B><font color = 'red'> ==> -</font> CurrentDatenewest Image in Instagram DashBoard= 11 November 2022
<B><font color = 'red'> ==> -</font> Clicked on showAnalytics Button
<B><font color = 'red'> ==> -</font> LastScene_date AdDetails Page= November 11 2022
<B><font color = 'red'> ==> -</font> Image Date =  11 November 2022    ::    Last Seeen Date = 11 November 2022  are same == PASS

<B><font color = 'Blue-Violet'> 12th Ad -</font> 
<B><font color = 'blue'> ==> -</font> CurrentDatenewest Image in Instagram DashBoard= 1 November 2022
<B><font color = 'blue'> ==> -</font> Clicked on showAnalytics Button
<B><font color = 'blue'> ==> -</font> LastScene_date AdDetails Page= November 1 2022
<B><font color = 'blue'> ==> -</font> Image Date =  1 November 2022    ::    Last Seeen Date = 1 November 2022  are same == PASS

<B><font color = 'Blue-Violet'> 13th Ad -</font> 
<B><font color = 'red'> ==> -</font> CurrentDatenewest Image in Instagram DashBoard= 1 November 2022
<B><font color = 'red'> ==> -</font> Clicked on showAnalytics Button
<B><font color = 'red'> ==> -</font> LastScene_date AdDetails Page= November 1 2022
<B><font color = 'red'> ==> -</font> Image Date =  1 November 2022    ::    Last Seeen Date = 1 November 2022  are same == PASS

<B><font color = 'Blue-Violet'> 14th Ad -</font> 
<B><font color = 'blue'> ==> -</font> CurrentDatenewest Image in Instagram DashBoard= 1 November 2022
<B><font color = 'blue'> ==> -</font> Clicked on showAnalytics Button
<B><font color = 'blue'> ==> -</font> LastScene_date AdDetails Page= November 1 2022
<B><font color = 'blue'> ==> -</font> Image Date =  1 November 2022    ::    Last Seeen Date = 1 November 2022  are same == PASS

<B><font color = 'Blue-Violet'> 15th Ad -</font> 
<B><font color = 'red'> ==> -</font> CurrentDatenewest Image in Instagram DashBoard= 1 November 2022
<B><font color = 'red'> ==> -</font> Clicked on showAnalytics Button
<B><font color = 'red'> ==> -</font> LastScene_date AdDetails Page= November 1 2022
<B><font color = 'red'> ==> -</font> Image Date =  1 November 2022    ::    Last Seeen Date = 1 November 2022  are same == PASS]]>
  </system-out>
</testsuite> <!-- com.power.testcases.Verify_Instagram_DashBoard_SortBy -->
