<?xml version="1.0" encoding="UTF-8"?>
<!-- Generated by org.testng.reporters.JUnitReportReporter -->
<testsuite hostname="DESKTOP-HIM16RN" failures="0" tests="1" name="com.power.testcases.very_dropdown_adsSeenList" time="35.894" errors="0" timestamp="2022-10-17T15:14:53 IST" skipped="0">
  <testcase classname="com.power.testcases.very_dropdown_adsSeenList" name="test" time="35.894"/>
  <system-out>
    <![CDATA[<B><font color = 'orange'> Step1 -</font> Logged into PowerAdSpy Application
<B><font color = 'orange'> Step2 -</font> I am on the page :PowerAdSpy | Facebook Dashboard
<B><font color = 'orange'> Step3 -</font> Power Ad Spy Logo is Displayed
<B><font color = 'orange'> Step 4 -</font> Power Ad Spy facebook Module is Dispalyed]]>
  </system-out>
</testsuite> <!-- com.power.testcases.very_dropdown_adsSeenList -->
